<?xml version="1.0" encoding="UTF-8" ?>
<testsuite tests="6" failures="0" name="io.ws.zipcodesprocess.ZipCodeApplicationTest" time="0.028" errors="0" skipped="0">
  <properties>
[...]
</properties>
  <testcase classname="io.ws.zipcodesprocess.ZipCodeApplicationTest" name="testToString" time="0.018"/>
  <testcase classname="io.ws.zipcodesprocess.ZipCodeApplicationTest" name="testConstructorBounds" time="0"/>
  <testcase classname="io.ws.zipcodesprocess.ZipCodeApplicationTest" name="testSetBounds" time="0.008"/>
  <testcase classname="io.ws.zipcodesprocess.ZipCodeApplicationTest" name="testHashCode" time="0"/>
  <testcase classname="io.ws.zipcodesprocess.ZipCodeApplicationTest" name="testValidateRange" time="0"/>
  <testcase classname="io.ws.zipcodesprocess.ZipCodeApplicationTest" name="testEquals" time="0.002"/>
</testsuite>